{"level":20,"time":1713265431100,"pid":121021,"hostname":"ThinkPad-X1-Carbon-Gen-9","message":"⚡ [@DomainService] HasherDomainService points to HasherDomainService. Status: REGISTERED."}
{"level":20,"time":1713265431171,"pid":121021,"hostname":"ThinkPad-X1-Carbon-Gen-9","message":"⚡ [@UseCase] ValidateSessionUseCase points to ValidateSessionUseCase. Status: REGISTERED."}
{"level":30,"time":1713265431264,"pid":121021,"hostname":"ThinkPad-X1-Carbon-Gen-9","message":"⚡ Bootstrapping infrastructure..."}
{"level":30,"time":1713265431264,"pid":121021,"hostname":"ThinkPad-X1-Carbon-Gen-9","message":"⚡ Initializing DI container..."}
{"level":20,"time":1713265431264,"pid":121021,"hostname":"ThinkPad-X1-Carbon-Gen-9","message":"⚡ DependencyInjection points to DependencyInjection. Status: REGISTERED."}
{"level":30,"time":1713265431264,"pid":121021,"hostname":"ThinkPad-X1-Carbon-Gen-9","message":"⚡ DI container initialized!"}
{"level":30,"time":1713265431264,"pid":121021,"hostname":"ThinkPad-X1-Carbon-Gen-9","message":"⚡ Initializing cache..."}
{"level":30,"time":1713265431264,"pid":121021,"hostname":"ThinkPad-X1-Carbon-Gen-9","message":"⚡ Cache initialized!"}
{"level":30,"time":1713265431264,"pid":121021,"hostname":"ThinkPad-X1-Carbon-Gen-9","message":"⚡ Infrastructure bootstrap took +0.7251920001581311 ms to execute!"}
{"level":20,"time":1713265431459,"pid":121021,"hostname":"ThinkPad-X1-Carbon-Gen-9","message":"⚡ [@DomainService] TokenProviderDomainService points to JwtTokenProvider. Status: REGISTERED."}
{"level":20,"time":1713265431681,"pid":121021,"hostname":"ThinkPad-X1-Carbon-Gen-9","message":"⚡ [@Repository] SessionRepository points to PrismaSessionRepository. Status: NOT REGISTERED."}
{"level":20,"time":1713265431831,"pid":121021,"hostname":"ThinkPad-X1-Carbon-Gen-9","message":"⚡ [@Repository] SessionRepository points to RedisSessionRepository. Status: REGISTERED."}
{"level":20,"time":1713265432015,"pid":121021,"hostname":"ThinkPad-X1-Carbon-Gen-9","message":"⚡ [@Repository] UserRepository points to PrismaUserRepository. Status: REGISTERED."}
{"level":20,"time":1713265432416,"pid":121021,"hostname":"ThinkPad-X1-Carbon-Gen-9","message":"⚡ [@UseCase] EndSessionUseCase points to EndSessionUseCase. Status: REGISTERED."}
{"level":20,"time":1713265432458,"pid":121021,"hostname":"ThinkPad-X1-Carbon-Gen-9","message":"⚡ [@UseCase] RefreshSessionUseCase points to RefreshSessionUseCase. Status: REGISTERED."}
{"level":20,"time":1713265432512,"pid":121021,"hostname":"ThinkPad-X1-Carbon-Gen-9","message":"⚡ [@UseCase] StartSessionUseCase points to StartSessionUseCase. Status: REGISTERED."}
{"level":20,"time":1713265432586,"pid":121021,"hostname":"ThinkPad-X1-Carbon-Gen-9","message":"⚡ [@UseCase] AuthenticateUserUseCase points to AuthenticateUserUseCase. Status: REGISTERED."}
{"level":20,"time":1713265432603,"pid":121021,"hostname":"ThinkPad-X1-Carbon-Gen-9","message":"⚡ [@UseCase] FindUserUseCase points to FindUserUseCase. Status: REGISTERED."}
{"level":20,"time":1713265432985,"pid":121021,"hostname":"ThinkPad-X1-Carbon-Gen-9","message":"⚡ [@UseCase] CheckHealthStatusUseCase points to CheckHealthStatusUseCase. Status: REGISTERED."}
{"level":20,"time":1713265433203,"pid":121021,"hostname":"ThinkPad-X1-Carbon-Gen-9","message":"⚡ [@UseCase] SearchAllUsersUseCase points to SearchAllUsersUseCase. Status: REGISTERED."}
{"level":20,"time":1713266819292,"pid":139421,"hostname":"ThinkPad-X1-Carbon-Gen-9","message":"⚡ [@DomainService] HasherDomainService points to HasherDomainService. Status: REGISTERED."}
{"level":20,"time":1713266819437,"pid":139421,"hostname":"ThinkPad-X1-Carbon-Gen-9","message":"⚡ [@UseCase] ValidateSessionUseCase points to ValidateSessionUseCase. Status: REGISTERED."}
{"level":30,"time":1713266819669,"pid":139421,"hostname":"ThinkPad-X1-Carbon-Gen-9","message":"⚡ Bootstrapping infrastructure..."}
{"level":30,"time":1713266819669,"pid":139421,"hostname":"ThinkPad-X1-Carbon-Gen-9","message":"⚡ Initializing DI container..."}
{"level":20,"time":1713266819669,"pid":139421,"hostname":"ThinkPad-X1-Carbon-Gen-9","message":"⚡ DependencyInjection points to DependencyInjection. Status: REGISTERED."}
{"level":30,"time":1713266819670,"pid":139421,"hostname":"ThinkPad-X1-Carbon-Gen-9","message":"⚡ DI container initialized!"}
{"level":30,"time":1713266819670,"pid":139421,"hostname":"ThinkPad-X1-Carbon-Gen-9","message":"⚡ Initializing cache..."}
{"level":30,"time":1713266819671,"pid":139421,"hostname":"ThinkPad-X1-Carbon-Gen-9","message":"⚡ Cache initialized!"}
{"level":30,"time":1713266819671,"pid":139421,"hostname":"ThinkPad-X1-Carbon-Gen-9","message":"⚡ Infrastructure bootstrap took +1.8188829999417067 ms to execute!"}
{"level":20,"time":1713266820196,"pid":139421,"hostname":"ThinkPad-X1-Carbon-Gen-9","message":"⚡ [@DomainService] TokenProviderDomainService points to JwtTokenProvider. Status: REGISTERED."}
{"level":20,"time":1713266820877,"pid":139421,"hostname":"ThinkPad-X1-Carbon-Gen-9","message":"⚡ [@Repository] SessionRepository points to PrismaSessionRepository. Status: NOT REGISTERED."}
{"level":20,"time":1713266821281,"pid":139421,"hostname":"ThinkPad-X1-Carbon-Gen-9","message":"⚡ [@Repository] SessionRepository points to RedisSessionRepository. Status: REGISTERED."}
{"level":20,"time":1713266821535,"pid":139421,"hostname":"ThinkPad-X1-Carbon-Gen-9","message":"⚡ [@Repository] UserRepository points to PrismaUserRepository. Status: REGISTERED."}
{"level":20,"time":1713266821847,"pid":139421,"hostname":"ThinkPad-X1-Carbon-Gen-9","message":"⚡ [@UseCase] EndSessionUseCase points to EndSessionUseCase. Status: REGISTERED."}
{"level":20,"time":1713266821883,"pid":139421,"hostname":"ThinkPad-X1-Carbon-Gen-9","message":"⚡ [@UseCase] RefreshSessionUseCase points to RefreshSessionUseCase. Status: REGISTERED."}
{"level":20,"time":1713266821912,"pid":139421,"hostname":"ThinkPad-X1-Carbon-Gen-9","message":"⚡ [@UseCase] StartSessionUseCase points to StartSessionUseCase. Status: REGISTERED."}
{"level":20,"time":1713266821955,"pid":139421,"hostname":"ThinkPad-X1-Carbon-Gen-9","message":"⚡ [@UseCase] AuthenticateUserUseCase points to AuthenticateUserUseCase. Status: REGISTERED."}
{"level":20,"time":1713266821972,"pid":139421,"hostname":"ThinkPad-X1-Carbon-Gen-9","message":"⚡ [@UseCase] FindUserUseCase points to FindUserUseCase. Status: REGISTERED."}
{"level":20,"time":1713266822283,"pid":139421,"hostname":"ThinkPad-X1-Carbon-Gen-9","message":"⚡ [@UseCase] CheckHealthStatusUseCase points to CheckHealthStatusUseCase. Status: REGISTERED."}
{"level":20,"time":1713266822488,"pid":139421,"hostname":"ThinkPad-X1-Carbon-Gen-9","message":"⚡ [@UseCase] SearchAllUsersUseCase points to SearchAllUsersUseCase. Status: REGISTERED."}
{"level":20,"time":1713266851950,"pid":140001,"hostname":"ThinkPad-X1-Carbon-Gen-9","message":"⚡ [@DomainService] HasherDomainService points to HasherDomainService. Status: REGISTERED."}
{"level":20,"time":1713266852082,"pid":140001,"hostname":"ThinkPad-X1-Carbon-Gen-9","message":"⚡ [@UseCase] ValidateSessionUseCase points to ValidateSessionUseCase. Status: REGISTERED."}
{"level":30,"time":1713266852274,"pid":140001,"hostname":"ThinkPad-X1-Carbon-Gen-9","message":"⚡ Bootstrapping infrastructure..."}
{"level":30,"time":1713266852274,"pid":140001,"hostname":"ThinkPad-X1-Carbon-Gen-9","message":"⚡ Initializing DI container..."}
{"level":20,"time":1713266852275,"pid":140001,"hostname":"ThinkPad-X1-Carbon-Gen-9","message":"⚡ DependencyInjection points to DependencyInjection. Status: REGISTERED."}
{"level":30,"time":1713266852276,"pid":140001,"hostname":"ThinkPad-X1-Carbon-Gen-9","message":"⚡ DI container initialized!"}
{"level":30,"time":1713266852276,"pid":140001,"hostname":"ThinkPad-X1-Carbon-Gen-9","message":"⚡ Initializing cache..."}
{"level":30,"time":1713266852276,"pid":140001,"hostname":"ThinkPad-X1-Carbon-Gen-9","message":"⚡ Cache initialized!"}
{"level":30,"time":1713266852276,"pid":140001,"hostname":"ThinkPad-X1-Carbon-Gen-9","message":"⚡ Infrastructure bootstrap took +1.7372859995812178 ms to execute!"}
{"level":20,"time":1713266852795,"pid":140001,"hostname":"ThinkPad-X1-Carbon-Gen-9","message":"⚡ [@DomainService] TokenProviderDomainService points to JwtTokenProvider. Status: REGISTERED."}
{"level":20,"time":1713266853384,"pid":140001,"hostname":"ThinkPad-X1-Carbon-Gen-9","message":"⚡ [@Repository] SessionRepository points to PrismaSessionRepository. Status: NOT REGISTERED."}
{"level":20,"time":1713266853602,"pid":140001,"hostname":"ThinkPad-X1-Carbon-Gen-9","message":"⚡ [@Repository] SessionRepository points to RedisSessionRepository. Status: REGISTERED."}
{"level":20,"time":1713266853817,"pid":140001,"hostname":"ThinkPad-X1-Carbon-Gen-9","message":"⚡ [@Repository] UserRepository points to PrismaUserRepository. Status: REGISTERED."}
{"level":20,"time":1713266854083,"pid":140001,"hostname":"ThinkPad-X1-Carbon-Gen-9","message":"⚡ [@UseCase] EndSessionUseCase points to EndSessionUseCase. Status: REGISTERED."}
{"level":20,"time":1713266854116,"pid":140001,"hostname":"ThinkPad-X1-Carbon-Gen-9","message":"⚡ [@UseCase] RefreshSessionUseCase points to RefreshSessionUseCase. Status: REGISTERED."}
{"level":20,"time":1713266854142,"pid":140001,"hostname":"ThinkPad-X1-Carbon-Gen-9","message":"⚡ [@UseCase] StartSessionUseCase points to StartSessionUseCase. Status: REGISTERED."}
{"level":20,"time":1713266854177,"pid":140001,"hostname":"ThinkPad-X1-Carbon-Gen-9","message":"⚡ [@UseCase] AuthenticateUserUseCase points to AuthenticateUserUseCase. Status: REGISTERED."}
{"level":20,"time":1713266854190,"pid":140001,"hostname":"ThinkPad-X1-Carbon-Gen-9","message":"⚡ [@UseCase] FindUserUseCase points to FindUserUseCase. Status: REGISTERED."}
{"level":20,"time":1713266854461,"pid":140001,"hostname":"ThinkPad-X1-Carbon-Gen-9","message":"⚡ [@UseCase] CheckHealthStatusUseCase points to CheckHealthStatusUseCase. Status: REGISTERED."}
{"level":20,"time":1713266854658,"pid":140001,"hostname":"ThinkPad-X1-Carbon-Gen-9","message":"⚡ [@UseCase] SearchAllUsersUseCase points to SearchAllUsersUseCase. Status: REGISTERED."}
{"level":30,"time":1713266857268,"pid":140001,"hostname":"ThinkPad-X1-Carbon-Gen-9","message":"⚡ Application started successfully!\n                                          _                                   _       _            _        _      _              \n   _____  ___ __  _ __ ___  ___ ___      | |_ _   _ _ __   ___  ___  ___ _ __(_)_ __ | |_      ___| | _____| | ___| |_ ___  _ __  \n  / _ \\ \\/ / '_ \\| '__/ _ \\/ __/ __|_____| __| | | | '_ \\ / _ \\/ __|/ __| '__| | '_ \\| __|____/ __| |/ / _ \\ |/ _ \\ __/ _ \\| '_ \\ \n |  __/>  <| |_) | | |  __/\\__ \\__ \\_____| |_| |_| | |_) |  __/\\__ \\ (__| |  | | |_) | ||_____\\__ \\   <  __/ |  __/ || (_) | | | |\n  \\___/_/\\_\\ .__/|_|  \\___||___/___/      \\__|\\__, | .__/ \\___||___/\\___|_|  |_| .__/ \\__|    |___/_|\\_\\___|_|\\___|\\__\\___/|_| |_|\n           |_|                                |___/|_|                         |_|                                                \n Name: express-typescript-skeleton\n Description: 🔰🦸 Template to start developing a REST API with Node.js (Express), TypeScript, ESLint, Prettier, Husky, Prisma, etc.\n Version: 2.9.1\n Port: 5000\n Base Path: /api\n OpenApi Spec Path: /api/docs\n Environment: development\n Author: Borja Paz Rodríguez\n Email: borjapazr@gmail.com\n Website: https://bpaz.dev\n Copyright © 2024 borjapazr@gmail.com. All rights reserved."}
{"level":30,"time":1713266894244,"pid":140001,"hostname":"ThinkPad-X1-Carbon-Gen-9","requestId":"6b40ef88031b4a4eba795cecfee9615c","request":{"id":"6b40ef88031b4a4eba795cecfee9615c","method":"GET","url":"/api","query":{},"params":{},"headers":{"host":"localhost:5000","connection":"keep-alive","sec-ch-ua":"\"Chromium\";v=\"116\", \"Not)A;Brand\";v=\"24\", \"Microsoft Edge\";v=\"116\"","sec-ch-ua-mobile":"?0","sec-ch-ua-platform":"\"Linux\"","upgrade-insecure-requests":"1","user-agent":"Mozilla/5.0 (X11; Linux x86_64) AppleWebKit/537.36 (KHTML, like Gecko) Chrome/116.0.0.0 Safari/537.36 Edg/116.0.1938.62","accept":"text/html,application/xhtml+xml,application/xml;q=0.9,image/webp,image/apng,*/*;q=0.8,application/signed-exchange;v=b3;q=0.7","sec-fetch-site":"none","sec-fetch-mode":"navigate","sec-fetch-user":"?1","sec-fetch-dest":"document","accept-encoding":"gzip, deflate, br","accept-language":"en-US,en;q=0.9","cookie":"wordpress_test_cookie=WP%20Cookie%20check; tk_ai=woo%3ArH0ZxPxsQ1UUIoi%2BO%2FmbEJge; swpm_session=7a26131d4a2aef0f6e2250d747332146; wp_lang=en_US; PHPSESSID=abc8e07356c46d134f9491d243969b7c; twk_idm_key=JzRxt_px1KOgAcl9SD-_V; TawkConnectionTime=0; twk_uuid_6476487fad80445890f00a51=%7B%22uuid%22%3A%221.HPypWPxqpw8yyRyPVtUs9xePKOyNLx628Aqkg85RWthcXkovQaN5yInPRiHOMgGmkuk8xSn72SO2se6hBzqd7Zdbrx7k3tYWQn4VZ%22%2C%22version%22%3A3%2C%22domain%22%3Anull%2C%22ts%22%3A1700200906644%7D; connect.sid=s%3A9InONPEjjYadMC41RLz-pfR_bPA0Dkay.S2Bu3%2BpHxb2yc6LO6Od6JjTbVYM%2BkhFDFgUPJGkfp1w; token=eyJhbGciOiJIUzI1NiIsInR5cCI6IkpXVCJ9.eyJpZCI6NTU4LCJlbWFpbCI6ImRhbmllbC5tYWluYUBsaXR0bGUuYWZyaWNhIiwiaWF0IjoxNzA4OTM4MTI4LCJleHAiOjE3MDg5NzQxMjh9.YsbHUpWwMKfy6B4Yi8R0Ly-3c6Lpl8KC1E4TX1ff_S4; wordpress_logged_in_37d007a56d816107ce5b52c10342db37=test%7C1712320667%7C9rjmSUhBiNzSk1AfdHab7EdehpKDI9lEouZYsb3r6Fr%7Caaa859fe9e9cbfe2073ccf5046ddeedcfc433966093bb02abd9703719f261541; wp-settings-time-1=1712213528; tokenType=admin; authToken=%7B%22token%22%3A%22eyJhbGciOiJIUzI1NiIsInR5cCI6IkpXVCJ9.eyJkYXRhIjp7ImVtYWlsIjoibGl0dGxlQHBheS5jb20iLCJpZCI6MSwibmFtZSI6ImFkbWluIn0sImlhdCI6MTcxMjgyMzM2MiwiZXhwIjoxNzEyODI5MTIyfQ.JUp32HobMulTmURfJFSxOISRbTnuqgBqsCtqMv0Ttc8%22%2C%22expiresIn%22%3A1713168963028%7D; lcv1=eyJhbGciOiJIUzI1NiIsInR5cCI6IkpXVCJ9.eyJwaG9uZSI6IjI1NDcwMjY5NTgwMSIsIm5hbWUiOiJEYW5pZWwgT2JpbWEiLCJlbWFpbCI6ImRlbWFubm1hbjY3QGdtYWlsLmNvbSIsImlhdCI6MTcxMzAyNDA3MCwiZXhwIjoxNzE1NjE2MDcwfQ.iWv1F_HqopJME3ZsV7NMjSORb9hGfVr4pA5NkQzJLdc"},"remoteAddress":"127.0.0.1","remotePort":36946},"response":{"statusCode":404,"headers":{"x-powered-by":"Express","x-request-id":"6b40ef88031b4a4eba795cecfee9615c","access-control-allow-origin":"*","content-type":"application/json; charset=utf-8","content-length":"112","etag":"W/\"70-+xj444nXzgfXUZp2vSnnNwgPto4\"","vary":"Accept-Encoding"}},"timeTaken":5,"message":"Request completed!"}
